\BOOKMARK [1][-]{section*.1}{\376\377\000A\000b\000s\000t\000r\000a\000c\000t}{}% 1
\BOOKMARK [1][-]{section.1}{\376\377\0001\000\040\000I\000n\000t\000r\000o\000d\000u\000c\000t\000i\000o\000n}{}% 2
\BOOKMARK [1][-]{section.2}{\376\377\0002\000\040\000S\000y\000s\000t\000e\000m\000\040\000O\000v\000e\000r\000v\000i\000e\000w}{}% 3
\BOOKMARK [1][-]{section.3}{\376\377\0003\000\040\000D\000a\000t\000a\000\040\000C\000o\000l\000l\000e\000c\000t\000i\000o\000n}{}% 4
\BOOKMARK [2][-]{subsection.3.1}{\376\377\0003\000.\0001\000\040\000L\000e\000t\000t\000e\000r\000b\000o\000x\000d\000\040\000I\000n\000g\000e\000s\000t\000i\000o\000n}{section.3}% 5
\BOOKMARK [2][-]{subsection.3.2}{\376\377\0003\000.\0002\000\040\000P\000r\000o\000f\000i\000l\000e\000\040\000D\000i\000s\000c\000o\000v\000e\000r\000y}{section.3}% 6
\BOOKMARK [2][-]{subsection.3.3}{\376\377\0003\000.\0003\000\040\000T\000M\000D\000B\000\040\000E\000n\000r\000i\000c\000h\000m\000e\000n\000t}{section.3}% 7
\BOOKMARK [2][-]{subsection.3.4}{\376\377\0003\000.\0004\000\040\000C\000r\000o\000s\000s\000-\000U\000s\000e\000r\000\040\000A\000g\000g\000r\000e\000g\000a\000t\000i\000o\000n}{section.3}% 8
\BOOKMARK [1][-]{section.4}{\376\377\0004\000\040\000B\000a\000c\000k\000g\000r\000o\000u\000n\000d\000:\000\040\000P\000C\000A}{}% 9
\BOOKMARK [1][-]{section.5}{\376\377\0005\000\040\000E\000m\000b\000e\000d\000d\000i\000n\000g\000\040\000C\000o\000n\000s\000t\000r\000u\000c\000t\000i\000o\000n}{}% 10
\BOOKMARK [2][-]{subsection.5.1}{\376\377\0005\000.\0001\000\040\000C\000o\000n\000t\000e\000n\000t\000\040\000E\000m\000b\000e\000d\000d\000i\000n\000g\000\040\000\050\0003\0008\0004\000\040\000d\000i\000m\000e\000n\000s\000i\000o\000n\000s\000\051}{section.5}% 11
\BOOKMARK [2][-]{subsection.5.2}{\376\377\0005\000.\0002\000\040\000R\000e\000v\000i\000e\000w\000\040\000E\000m\000b\000e\000d\000d\000i\000n\000g\000\040\000\050\0003\0008\0004\000\040\000d\000i\000m\000e\000n\000s\000i\000o\000n\000s\000\051}{section.5}% 12
\BOOKMARK [2][-]{subsection.5.3}{\376\377\0005\000.\0003\000\040\000S\000c\000a\000l\000a\000r\000\040\000F\000e\000a\000t\000u\000r\000e\000s\000\040\000\050\0004\000\040\000d\000i\000m\000e\000n\000s\000i\000o\000n\000s\000\051}{section.5}% 13
\BOOKMARK [2][-]{subsection.5.4}{\376\377\0005\000.\0004\000\040\000G\000e\000n\000r\000e\000\040\000M\000u\000l\000t\000i\000-\000H\000o\000t\000\040\000\050\0001\0009\000\040\000d\000i\000m\000e\000n\000s\000i\000o\000n\000s\000\051}{section.5}% 14
\BOOKMARK [2][-]{subsection.5.5}{\376\377\0005\000.\0005\000\040\000D\000i\000m\000e\000n\000s\000i\000o\000n\000a\000l\000i\000t\000y\000\040\000R\000e\000d\000u\000c\000t\000i\000o\000n}{section.5}% 15
\BOOKMARK [1][-]{section.6}{\376\377\0006\000\040\000D\000a\000t\000a\000s\000e\000t\000\040\000S\000t\000a\000t\000i\000s\000t\000i\000c\000s}{}% 16
\BOOKMARK [1][-]{section.7}{\376\377\0007\000\040\000R\000e\000c\000o\000m\000m\000e\000n\000d\000a\000t\000i\000o\000n\000\040\000M\000e\000t\000h\000o\000d}{}% 17
\BOOKMARK [1][-]{section.8}{\376\377\0008\000\040\000E\000x\000a\000m\000p\000l\000e\000\040\000R\000e\000c\000o\000m\000m\000e\000n\000d\000a\000t\000i\000o\000n\000s}{}% 18
\BOOKMARK [1][-]{section.9}{\376\377\0009\000\040\000R\000e\000p\000r\000o\000d\000u\000c\000i\000b\000i\000l\000i\000t\000y}{}% 19
\BOOKMARK [1][-]{section.10}{\376\377\0001\0000\000\040\000R\000e\000m\000a\000i\000n\000i\000n\000g\000\040\000W\000o\000r\000k}{}% 20
\BOOKMARK [1][-]{section.11}{\376\377\0001\0001\000\040\000C\000o\000n\000c\000l\000u\000s\000i\000o\000n}{}% 21
